[    14.835] (--) Log file renamed from "/home/indium/.local/share/xorg/Xorg.pid-1439.log" to "/home/indium/.local/share/xorg/Xorg.0.log"
[    14.836] 
X.Org X Server 1.19.6
Release Date: 2017-12-20
[    14.836] X Protocol Version 11, Revision 0
[    14.836] Build Operating System: Linux 4.15.0-124-generic x86_64 Ubuntu
[    14.836] Current Operating System: Linux IND-CHN-LT10730 4.15.0-126-generic #129-Ubuntu SMP Mon Nov 23 18:53:38 UTC 2020 x86_64
[    14.836] Kernel command line: BOOT_IMAGE=/boot/vmlinuz-4.15.0-126-generic root=UUID=fe363b5b-7706-4a13-be6f-f633b7ff1d30 ro quiet splash vt.handoff=1
[    14.836] Build Date: 30 November 2020  08:01:56PM
[    14.836] xorg-server 2:1.19.6-1ubuntu4.8 (For technical support please see http://www.ubuntu.com/support) 
[    14.836] Current version of pixman: 0.34.0
[    14.836] 	Before reporting problems, check http://wiki.x.org
	to make sure that you have the latest version.
[    14.836] Markers: (--) probed, (**) from config file, (==) default setting,
	(++) from command line, (!!) notice, (II) informational,
	(WW) warning, (EE) error, (NI) not implemented, (??) unknown.
[    14.836] (==) Log file: "/home/indium/.local/share/xorg/Xorg.0.log", Time: Mon Dec  7 11:20:25 2020
[    14.837] (==) Using system config directory "/usr/share/X11/xorg.conf.d"
[    14.841] (==) No Layout section.  Using the first Screen section.
[    14.841] (==) No screen section available. Using defaults.
[    14.841] (**) |-->Screen "Default Screen Section" (0)
[    14.841] (**) |   |-->Monitor "<default monitor>"
[    14.842] (==) No monitor specified for screen "Default Screen Section".
	Using a default monitor configuration.
[    14.842] (==) Automatically adding devices
[    14.842] (==) Automatically enabling devices
[    14.842] (==) Automatically adding GPU devices
[    14.842] (==) Automatically binding GPU devices
[    14.842] (==) Max clients allowed: 256, resource mask: 0x1fffff
[    14.842] (WW) The directory "/usr/share/fonts/X11/cyrillic" does not exist.
[    14.842] 	Entry deleted from font path.
[    14.842] (WW) The directory "/usr/share/fonts/X11/100dpi/" does not exist.
[    14.842] 	Entry deleted from font path.
[    14.842] (WW) The directory "/usr/share/fonts/X11/75dpi/" does not exist.
[    14.842] 	Entry deleted from font path.
[    14.842] (WW) The directory "/usr/share/fonts/X11/100dpi" does not exist.
[    14.842] 	Entry deleted from font path.
[    14.842] (WW) The directory "/usr/share/fonts/X11/75dpi" does not exist.
[    14.842] 	Entry deleted from font path.
[    14.842] (==) FontPath set to:
	/usr/share/fonts/X11/misc,
	/usr/share/fonts/X11/Type1,
	built-ins
[    14.842] (==) ModulePath set to "/usr/lib/xorg/modules"
[    14.842] (II) The server relies on udev to provide the list of input devices.
	If no devices become available, reconfigure udev or disable AutoAddDevices.
[    14.843] (II) Loader magic: 0x558f3e20e020
[    14.843] (II) Module ABI versions:
[    14.843] 	X.Org ANSI C Emulation: 0.4
[    14.843] 	X.Org Video Driver: 23.0
[    14.843] 	X.Org XInput driver : 24.1
[    14.843] 	X.Org Server Extension : 10.0
[    14.843] (++) using VT number 2

[    14.846] (II) systemd-logind: took control of session /org/freedesktop/login1/session/_32
[    14.846] (II) xfree86: Adding drm device (/dev/dri/card0)
[    14.847] (II) systemd-logind: got fd for /dev/dri/card0 226:0 fd 12 paused 0
[    14.849] (--) PCI:*(0:0:2:0) 8086:1616:17aa:5034 rev 9, Mem @ 0xf0000000/16777216, 0xe0000000/268435456, I/O @ 0x00003000/64, BIOS @ 0x????????/131072
[    14.849] (II) LoadModule: "glx"
[    14.850] (II) Loading /usr/lib/xorg/modules/extensions/libglx.so
[    14.852] (II) Module glx: vendor="X.Org Foundation"
[    14.852] 	compiled for 1.19.6, module version = 1.0.0
[    14.852] 	ABI class: X.Org Server Extension, version 10.0
[    14.852] (==) Matched modesetting as autoconfigured driver 0
[    14.852] (==) Matched fbdev as autoconfigured driver 1
[    14.852] (==) Matched vesa as autoconfigured driver 2
[    14.852] (==) Assigned the driver to the xf86ConfigLayout
[    14.852] (II) LoadModule: "modesetting"
[    14.852] (II) Loading /usr/lib/xorg/modules/drivers/modesetting_drv.so
[    14.854] (II) Module modesetting: vendor="X.Org Foundation"
[    14.854] 	compiled for 1.19.6, module version = 1.19.6
[    14.854] 	Module class: X.Org Video Driver
[    14.854] 	ABI class: X.Org Video Driver, version 23.0
[    14.854] (II) LoadModule: "fbdev"
[    14.854] (II) Loading /usr/lib/xorg/modules/drivers/fbdev_drv.so
[    14.855] (II) Module fbdev: vendor="X.Org Foundation"
[    14.855] 	compiled for 1.19.3, module version = 0.4.4
[    14.855] 	Module class: X.Org Video Driver
[    14.855] 	ABI class: X.Org Video Driver, version 23.0
[    14.855] (II) LoadModule: "vesa"
[    14.855] (II) Loading /usr/lib/xorg/modules/drivers/vesa_drv.so
[    14.855] (II) Module vesa: vendor="X.Org Foundation"
[    14.855] 	compiled for 1.19.3, module version = 2.3.4
[    14.855] 	Module class: X.Org Video Driver
[    14.855] 	ABI class: X.Org Video Driver, version 23.0
[    14.855] (II) modesetting: Driver for Modesetting Kernel Drivers: kms
[    14.855] (II) FBDEV: driver for framebuffer: fbdev
[    14.856] (II) VESA: driver for VESA chipsets: vesa
[    14.856] xf86EnableIOPorts: failed to set IOPL for I/O (Operation not permitted)
[    14.856] (II) modeset(0): using drv /dev/dri/card0
[    14.856] (WW) Falling back to old probe method for fbdev
[    14.856] (II) Loading sub module "fbdevhw"
[    14.856] (II) LoadModule: "fbdevhw"
[    14.856] (II) Loading /usr/lib/xorg/modules/libfbdevhw.so
[    14.856] (II) Module fbdevhw: vendor="X.Org Foundation"
[    14.856] 	compiled for 1.19.6, module version = 0.0.2
[    14.856] 	ABI class: X.Org Video Driver, version 23.0
[    14.856] (EE) open /dev/fb0: Permission denied
[    14.856] (WW) Falling back to old probe method for vesa
[    14.856] (WW) VGA arbiter: cannot open kernel arbiter, no multi-card support
[    14.856] (II) modeset(0): Creating default Display subsection in Screen section
	"Default Screen Section" for depth/fbbpp 24/32
[    14.856] (==) modeset(0): Depth 24, (==) framebuffer bpp 32
[    14.856] (==) modeset(0): RGB weight 888
[    14.856] (==) modeset(0): Default visual is TrueColor
[    14.856] (II) Loading sub module "glamoregl"
[    14.856] (II) LoadModule: "glamoregl"
[    14.857] (II) Loading /usr/lib/xorg/modules/libglamoregl.so
[    14.861] (II) Module glamoregl: vendor="X.Org Foundation"
[    14.861] 	compiled for 1.19.6, module version = 1.0.0
[    14.861] 	ABI class: X.Org ANSI C Emulation, version 0.4
[    14.861] (II) glamor: OpenGL accelerated X.org driver based.
[    14.869] (II) glamor: EGL version 1.4 (DRI2):
[    14.872] (II) modeset(0): glamor initialized
[    14.873] (II) modeset(0): Output eDP-1 has no monitor section
[    14.873] (II) modeset(0): Output DP-1 has no monitor section
[    15.088] (II) modeset(0): Output HDMI-1 has no monitor section
[    15.088] (II) modeset(0): Output DP-2 has no monitor section
[    15.096] (II) modeset(0): Output HDMI-2 has no monitor section
[    15.107] (II) modeset(0): EDID for output eDP-1
[    15.107] (II) modeset(0): Manufacturer: LGD  Model: 3fc  Serial#: 0
[    15.107] (II) modeset(0): Year: 2013  Week: 0
[    15.107] (II) modeset(0): EDID Version: 1.4
[    15.107] (II) modeset(0): Digital Display Input
[    15.107] (II) modeset(0): 6 bits per channel
[    15.107] (II) modeset(0): Digital interface is DisplayPort
[    15.107] (II) modeset(0): Max Image Size [cm]: horiz.: 31  vert.: 17
[    15.107] (II) modeset(0): Gamma: 2.20
[    15.107] (II) modeset(0): No DPMS capabilities specified
[    15.107] (II) modeset(0): Supported color encodings: RGB 4:4:4 YCrCb 4:4:4 
[    15.107] (II) modeset(0): First detailed timing is preferred mode
[    15.107] (II) modeset(0): Preferred mode is native pixel format and refresh rate
[    15.107] (II) modeset(0): redX: 0.588 redY: 0.350   greenX: 0.332 greenY: 0.558
[    15.107] (II) modeset(0): blueX: 0.155 blueY: 0.123   whiteX: 0.313 whiteY: 0.329
[    15.107] (II) modeset(0): Manufacturer's mask: 0
[    15.107] (II) modeset(0): Supported detailed timing:
[    15.107] (II) modeset(0): clock: 98.0 MHz   Image Size:  309 x 174 mm
[    15.107] (II) modeset(0): h_active: 1600  h_sync: 1648  h_sync_end 1680 h_blank_end 1764 h_border: 0
[    15.107] (II) modeset(0): v_active: 900  v_sync: 902  v_sync_end 907 v_blanking: 926 v_border: 0
[    15.107] (II) modeset(0):  LG Display
[    15.107] (II) modeset(0):  LP140WD2-TPB1
[    15.107] (II) modeset(0): EDID (in hex):
[    15.107] (II) modeset(0): 	00ffffffffffff0030e4fc0300000000
[    15.107] (II) modeset(0): 	00170104951f11780aa3e59659558e27
[    15.107] (II) modeset(0): 	1f505400000001010101010101010101
[    15.107] (II) modeset(0): 	010101010101482640a460841a303020
[    15.107] (II) modeset(0): 	250035ae100000190000000000000000
[    15.107] (II) modeset(0): 	00000000000000000000000000fe004c
[    15.107] (II) modeset(0): 	4720446973706c61790a2020000000fe
[    15.107] (II) modeset(0): 	004c503134305744322d54504231002a
[    15.108] (II) modeset(0): Printing probed modes for output eDP-1
[    15.108] (II) modeset(0): Modeline "1600x900"x60.0   98.00  1600 1648 1680 1764  900 902 907 926 -hsync -vsync (55.6 kHz eP)
[    15.108] (II) modeset(0): Modeline "1600x900"x120.0  246.00  1600 1728 1900 2200  900 901 904 932 doublescan -hsync +vsync (111.8 kHz d)
[    15.108] (II) modeset(0): Modeline "1600x900"x119.9  186.50  1600 1624 1640 1680  900 901 904 926 doublescan +hsync -vsync (111.0 kHz d)
[    15.108] (II) modeset(0): Modeline "1600x900"x59.9  118.25  1600 1696 1856 2112  900 903 908 934 -hsync +vsync (56.0 kHz d)
[    15.108] (II) modeset(0): Modeline "1600x900"x59.8   97.50  1600 1648 1680 1760  900 903 908 926 +hsync -vsync (55.4 kHz d)
[    15.108] (II) modeset(0): Modeline "1440x900"x59.9  106.50  1440 1520 1672 1904  900 903 909 934 -hsync +vsync (55.9 kHz d)
[    15.108] (II) modeset(0): Modeline "1400x900"x60.0  103.50  1400 1480 1624 1848  900 903 913 934 -hsync +vsync (56.0 kHz d)
[    15.108] (II) modeset(0): Modeline "1400x900"x59.9   86.50  1400 1448 1480 1560  900 903 913 926 +hsync -vsync (55.4 kHz d)
[    15.108] (II) modeset(0): Modeline "1440x810"x120.0  198.12  1440 1548 1704 1968  810 811 814 839 doublescan -hsync +vsync (100.7 kHz d)
[    15.108] (II) modeset(0): Modeline "1440x810"x119.9  151.88  1440 1464 1480 1520  810 811 814 833 doublescan +hsync -vsync (99.9 kHz d)
[    15.108] (II) modeset(0): Modeline "1368x768"x59.9   85.25  1368 1440 1576 1784  768 771 781 798 -hsync +vsync (47.8 kHz d)
[    15.108] (II) modeset(0): Modeline "1368x768"x59.9   72.25  1368 1416 1448 1528  768 771 781 790 +hsync -vsync (47.3 kHz d)
[    15.108] (II) modeset(0): Modeline "1360x768"x59.8   84.75  1360 1432 1568 1776  768 771 781 798 -hsync +vsync (47.7 kHz d)
[    15.108] (II) modeset(0): Modeline "1360x768"x60.0   72.00  1360 1408 1440 1520  768 771 781 790 +hsync -vsync (47.4 kHz d)
[    15.108] (II) modeset(0): Modeline "1280x800"x120.0  174.25  1280 1380 1516 1752  800 801 804 829 doublescan -hsync +vsync (99.5 kHz d)
[    15.108] (II) modeset(0): Modeline "1280x800"x119.9  134.25  1280 1304 1320 1360  800 801 804 823 doublescan +hsync -vsync (98.7 kHz d)
[    15.108] (II) modeset(0): Modeline "1280x800"x59.8   83.50  1280 1352 1480 1680  800 803 809 831 -hsync +vsync (49.7 kHz d)
[    15.108] (II) modeset(0): Modeline "1280x800"x59.9   71.00  1280 1328 1360 1440  800 803 809 823 +hsync -vsync (49.3 kHz d)
[    15.108] (II) modeset(0): Modeline "1152x864"x60.0   81.62  1152 1216 1336 1520  864 865 868 895 -hsync +vsync (53.7 kHz d)
[    15.108] (II) modeset(0): Modeline "1280x720"x120.0  156.12  1280 1376 1512 1744  720 721 724 746 doublescan -hsync +vsync (89.5 kHz d)
[    15.108] (II) modeset(0): Modeline "1280x720"x120.0  120.75  1280 1304 1320 1360  720 721 724 740 doublescan +hsync -vsync (88.8 kHz d)
[    15.108] (II) modeset(0): Modeline "1280x720"x59.9   74.50  1280 1344 1472 1664  720 723 728 748 -hsync +vsync (44.8 kHz d)
[    15.108] (II) modeset(0): Modeline "1280x720"x59.7   63.75  1280 1328 1360 1440  720 723 728 741 +hsync -vsync (44.3 kHz d)
[    15.108] (II) modeset(0): Modeline "1024x768"x120.1  133.47  1024 1100 1212 1400  768 768 770 794 doublescan -hsync +vsync (95.3 kHz d)
[    15.108] (II) modeset(0): Modeline "1024x768"x60.0   65.00  1024 1048 1184 1344  768 771 777 806 -hsync -vsync (48.4 kHz d)
[    15.108] (II) modeset(0): Modeline "960x720"x120.0  117.00  960 1024 1128 1300  720 720 722 750 doublescan -hsync +vsync (90.0 kHz d)
[    15.108] (II) modeset(0): Modeline "928x696"x120.1  109.15  928 976 1088 1264  696 696 698 719 doublescan -hsync +vsync (86.4 kHz d)
[    15.108] (II) modeset(0): Modeline "896x672"x120.0  102.40  896 960 1060 1224  672 672 674 697 doublescan -hsync +vsync (83.7 kHz d)
[    15.109] (II) modeset(0): Modeline "1024x576"x119.9   98.50  1024 1092 1200 1376  576 577 580 597 doublescan -hsync +vsync (71.6 kHz d)
[    15.109] (II) modeset(0): Modeline "1024x576"x119.9   78.38  1024 1048 1064 1104  576 577 580 592 doublescan +hsync -vsync (71.0 kHz d)
[    15.109] (II) modeset(0): Modeline "1024x576"x59.9   46.50  1024 1064 1160 1296  576 579 584 599 -hsync +vsync (35.9 kHz d)
[    15.109] (II) modeset(0): Modeline "1024x576"x59.8   42.00  1024 1072 1104 1184  576 579 584 593 +hsync -vsync (35.5 kHz d)
[    15.109] (II) modeset(0): Modeline "960x600"x119.9   96.62  960 1028 1128 1296  600 601 604 622 doublescan -hsync +vsync (74.6 kHz d)
[    15.109] (II) modeset(0): Modeline "960x600"x120.0   77.00  960 984 1000 1040  600 601 604 617 doublescan +hsync -vsync (74.0 kHz d)
[    15.109] (II) modeset(0): Modeline "960x540"x119.9   86.50  960 1024 1124 1288  540 541 544 560 doublescan -hsync +vsync (67.2 kHz d)
[    15.109] (II) modeset(0): Modeline "960x540"x120.0   69.25  960 984 1000 1040  540 541 544 555 doublescan +hsync -vsync (66.6 kHz d)
[    15.109] (II) modeset(0): Modeline "960x540"x59.6   40.75  960 992 1088 1216  540 543 548 562 -hsync +vsync (33.5 kHz d)
[    15.109] (II) modeset(0): Modeline "960x540"x59.8   37.25  960 1008 1040 1120  540 543 548 556 +hsync -vsync (33.3 kHz d)
[    15.109] (II) modeset(0): Modeline "800x600"x120.0   81.00  800 832 928 1080  600 600 602 625 doublescan +hsync +vsync (75.0 kHz d)
[    15.109] (II) modeset(0): Modeline "800x600"x60.3   40.00  800 840 968 1056  600 601 605 628 +hsync +vsync (37.9 kHz d)
[    15.109] (II) modeset(0): Modeline "800x600"x56.2   36.00  800 824 896 1024  600 601 603 625 +hsync +vsync (35.2 kHz d)
[    15.109] (II) modeset(0): Modeline "840x525"x120.0   73.12  840 892 980 1120  525 526 529 544 doublescan -hsync +vsync (65.3 kHz d)
[    15.109] (II) modeset(0): Modeline "840x525"x119.8   59.50  840 864 880 920  525 526 529 540 doublescan +hsync -vsync (64.7 kHz d)
[    15.109] (II) modeset(0): Modeline "864x486"x59.9   32.50  864 888 968 1072  486 489 494 506 -hsync +vsync (30.3 kHz d)
[    15.109] (II) modeset(0): Modeline "864x486"x59.6   30.50  864 912 944 1024  486 489 494 500 +hsync -vsync (29.8 kHz d)
[    15.109] (II) modeset(0): Modeline "800x512"x120.3   51.56  800 800 828 832  512 512 514 515 doublescan +hsync +vsync (62.0 kHz d)
[    15.109] (II) modeset(0): Modeline "700x525"x120.0   61.00  700 744 820 940  525 526 532 541 doublescan +hsync +vsync (64.9 kHz d)
[    15.109] (II) modeset(0): Modeline "800x450"x119.9   59.12  800 848 928 1056  450 451 454 467 doublescan -hsync +vsync (56.0 kHz d)
[    15.109] (II) modeset(0): Modeline "800x450"x119.6   48.75  800 824 840 880  450 451 454 463 doublescan +hsync -vsync (55.4 kHz d)
[    15.109] (II) modeset(0): Modeline "640x512"x120.0   54.00  640 664 720 844  512 512 514 533 doublescan +hsync +vsync (64.0 kHz d)
[    15.109] (II) modeset(0): Modeline "720x450"x119.8   53.25  720 760 836 952  450 451 454 467 doublescan -hsync +vsync (55.9 kHz d)
[    15.109] (II) modeset(0): Modeline "700x450"x119.9   51.75  700 740 812 924  450 451 456 467 doublescan -hsync +vsync (56.0 kHz d)
[    15.109] (II) modeset(0): Modeline "700x450"x119.8   43.25  700 724 740 780  450 451 456 463 doublescan +hsync -vsync (55.4 kHz d)
[    15.109] (II) modeset(0): Modeline "640x480"x120.0   54.00  640 688 744 900  480 480 482 500 doublescan +hsync +vsync (60.0 kHz d)
[    15.109] (II) modeset(0): Modeline "640x480"x59.9   25.18  640 656 752 800  480 490 492 525 -hsync -vsync (31.5 kHz d)
[    15.109] (II) modeset(0): Modeline "720x405"x59.5   22.50  720 744 808 896  405 408 413 422 -hsync +vsync (25.1 kHz d)
[    15.109] (II) modeset(0): Modeline "720x405"x59.0   21.75  720 768 800 880  405 408 413 419 +hsync -vsync (24.7 kHz d)
[    15.109] (II) modeset(0): Modeline "684x384"x119.8   42.62  684 720 788 892  384 385 390 399 doublescan -hsync +vsync (47.8 kHz d)
[    15.109] (II) modeset(0): Modeline "684x384"x119.7   36.12  684 708 724 764  384 385 390 395 doublescan +hsync -vsync (47.3 kHz d)
[    15.109] (II) modeset(0): Modeline "680x384"x119.6   42.38  680 716 784 888  384 385 390 399 doublescan -hsync +vsync (47.7 kHz d)
[    15.109] (II) modeset(0): Modeline "680x384"x119.9   36.00  680 704 720 760  384 385 390 395 doublescan +hsync -vsync (47.4 kHz d)
[    15.109] (II) modeset(0): Modeline "640x400"x119.8   41.75  640 676 740 840  400 401 404 415 doublescan -hsync +vsync (49.7 kHz d)
[    15.109] (II) modeset(0): Modeline "640x400"x120.0   35.50  640 664 680 720  400 401 404 411 doublescan +hsync -vsync (49.3 kHz d)
[    15.109] (II) modeset(0): Modeline "576x432"x120.1   40.81  576 608 668 760  432 432 434 447 doublescan -hsync +vsync (53.7 kHz d)
[    15.109] (II) modeset(0): Modeline "640x360"x119.7   37.25  640 672 736 832  360 361 364 374 doublescan -hsync +vsync (44.8 kHz d)
[    15.109] (II) modeset(0): Modeline "640x360"x119.7   31.88  640 664 680 720  360 361 364 370 doublescan +hsync -vsync (44.3 kHz d)
[    15.109] (II) modeset(0): Modeline "640x360"x59.8   18.00  640 664 720 800  360 363 368 376 -hsync +vsync (22.5 kHz d)
[    15.109] (II) modeset(0): Modeline "640x360"x59.3   17.75  640 688 720 800  360 363 368 374 +hsync -vsync (22.2 kHz d)
[    15.109] (II) modeset(0): Modeline "512x384"x120.0   32.50  512 524 592 672  384 385 388 403 doublescan -hsync -vsync (48.4 kHz d)
[    15.109] (II) modeset(0): Modeline "512x288"x120.0   23.25  512 532 580 648  288 289 292 299 doublescan -hsync +vsync (35.9 kHz d)
[    15.109] (II) modeset(0): Modeline "512x288"x119.8   21.00  512 536 552 592  288 289 292 296 doublescan +hsync -vsync (35.5 kHz d)
[    15.109] (II) modeset(0): Modeline "480x270"x119.3   20.38  480 496 544 608  270 271 274 281 doublescan -hsync +vsync (33.5 kHz d)
[    15.109] (II) modeset(0): Modeline "480x270"x119.6   18.62  480 504 520 560  270 271 274 278 doublescan +hsync -vsync (33.3 kHz d)
[    15.109] (II) modeset(0): Modeline "400x300"x120.6   20.00  400 420 484 528  300 300 302 314 doublescan +hsync +vsync (37.9 kHz d)
[    15.109] (II) modeset(0): Modeline "400x300"x112.7   18.00  400 412 448 512  300 300 301 312 doublescan +hsync +vsync (35.2 kHz d)
[    15.109] (II) modeset(0): Modeline "432x243"x119.8   16.25  432 444 484 536  243 244 247 253 doublescan -hsync +vsync (30.3 kHz d)
[    15.109] (II) modeset(0): Modeline "432x243"x119.1   15.25  432 456 472 512  243 244 247 250 doublescan +hsync -vsync (29.8 kHz d)
[    15.109] (II) modeset(0): Modeline "320x240"x120.1   12.59  320 328 376 400  240 245 246 262 doublescan -hsync -vsync (31.5 kHz d)
[    15.109] (II) modeset(0): Modeline "360x202"x119.0   11.25  360 372 404 448  202 204 206 211 doublescan -hsync +vsync (25.1 kHz d)
[    15.109] (II) modeset(0): Modeline "360x202"x118.3   10.88  360 384 400 440  202 204 206 209 doublescan +hsync -vsync (24.7 kHz d)
[    15.109] (II) modeset(0): Modeline "320x180"x119.7    9.00  320 332 360 400  180 181 184 188 doublescan -hsync +vsync (22.5 kHz d)
[    15.110] (II) modeset(0): Modeline "320x180"x118.6    8.88  320 344 360 400  180 181 184 187 doublescan +hsync -vsync (22.2 kHz d)
[    15.110] (II) modeset(0): EDID for output DP-1
[    15.324] (II) modeset(0): EDID for output HDMI-1
[    15.324] (II) modeset(0): EDID for output DP-2
[    15.333] (II) modeset(0): EDID for output HDMI-2
[    15.333] (II) modeset(0): Output eDP-1 connected
[    15.333] (II) modeset(0): Output DP-1 disconnected
[    15.333] (II) modeset(0): Output HDMI-1 disconnected
[    15.333] (II) modeset(0): Output DP-2 disconnected
[    15.333] (II) modeset(0): Output HDMI-2 disconnected
[    15.333] (II) modeset(0): Using exact sizes for initial modes
[    15.333] (II) modeset(0): Output eDP-1 using initial mode 1600x900 +0+0
[    15.333] (==) modeset(0): Using gamma correction (1.0, 1.0, 1.0)
[    15.333] (==) modeset(0): DPI set to (96, 96)
[    15.333] (II) Loading sub module "fb"
[    15.333] (II) LoadModule: "fb"
[    15.333] (II) Loading /usr/lib/xorg/modules/libfb.so
[    15.334] (II) Module fb: vendor="X.Org Foundation"
[    15.335] 	compiled for 1.19.6, module version = 1.0.0
[    15.335] 	ABI class: X.Org ANSI C Emulation, version 0.4
[    15.335] (II) UnloadModule: "fbdev"
[    15.335] (II) Unloading fbdev
[    15.335] (II) UnloadSubModule: "fbdevhw"
[    15.335] (II) Unloading fbdevhw
[    15.335] (II) UnloadModule: "vesa"
[    15.335] (II) Unloading vesa
[    15.335] (==) Depth 24 pixmap format is 32 bpp
[    15.410] (==) modeset(0): Backing store enabled
[    15.410] (==) modeset(0): Silken mouse enabled
[    15.411] (II) modeset(0): RandR 1.2 enabled, ignore the following RandR disabled message.
[    15.473] (==) modeset(0): DPMS enabled
[    15.473] (II) modeset(0): [DRI2] Setup complete
[    15.473] (II) modeset(0): [DRI2]   DRI driver: i965
[    15.473] (II) modeset(0): [DRI2]   VDPAU driver: i965
[    15.473] (--) RandR disabled
[    15.476] (II) SELinux: Disabled on system
[    15.481] (II) AIGLX: enabled GLX_MESA_copy_sub_buffer
[    15.481] (II) AIGLX: enabled GLX_ARB_create_context
[    15.481] (II) AIGLX: enabled GLX_ARB_create_context_profile
[    15.481] (II) AIGLX: enabled GLX_EXT_create_context_es{,2}_profile
[    15.481] (II) AIGLX: enabled GLX_INTEL_swap_event
[    15.481] (II) AIGLX: enabled GLX_SGI_swap_control
[    15.481] (II) AIGLX: enabled GLX_EXT_framebuffer_sRGB
[    15.481] (II) AIGLX: enabled GLX_ARB_fbconfig_float
[    15.481] (II) AIGLX: enabled GLX_EXT_fbconfig_packed_float
[    15.481] (II) AIGLX: GLX_EXT_texture_from_pixmap backed by buffer objects
[    15.481] (II) AIGLX: enabled GLX_ARB_create_context_robustness
[    15.481] (II) AIGLX: Loaded and initialized i965
[    15.481] (II) GLX: Initialized DRI2 GL provider for screen 0
[    15.483] (II) modeset(0): Damage tracking initialized
[    15.483] (II) modeset(0): Setting screen physical size to 423 x 238
[    15.513] (II) config/udev: Adding input device Power Button (/dev/input/event2)
[    15.513] (**) Power Button: Applying InputClass "libinput keyboard catchall"
[    15.513] (II) LoadModule: "libinput"
[    15.514] (II) Loading /usr/lib/xorg/modules/input/libinput_drv.so
[    15.516] (II) Module libinput: vendor="X.Org Foundation"
[    15.516] 	compiled for 1.19.6, module version = 0.27.1
[    15.516] 	Module class: X.Org XInput Driver
[    15.516] 	ABI class: X.Org XInput driver, version 24.1
[    15.516] (II) Using input driver 'libinput' for 'Power Button'
[    15.516] (II) systemd-logind: got fd for /dev/input/event2 13:66 fd 21 paused 0
[    15.516] (**) Power Button: always reports core events
[    15.516] (**) Option "Device" "/dev/input/event2"
[    15.516] (**) Option "_source" "server/udev"
[    15.517] (II) event2  - Power Button: is tagged by udev as: Keyboard
[    15.517] (II) event2  - Power Button: device is a keyboard
[    15.517] (II) event2  - Power Button: device removed
[    15.517] (**) Option "config_info" "udev:/sys/devices/LNXSYSTM:00/LNXPWRBN:00/input/input2/event2"
[    15.517] (II) XINPUT: Adding extended input device "Power Button" (type: KEYBOARD, id 6)
[    15.517] (**) Option "xkb_model" "pc105"
[    15.517] (**) Option "xkb_layout" "us"
[    15.518] (II) event2  - Power Button: is tagged by udev as: Keyboard
[    15.518] (II) event2  - Power Button: device is a keyboard
[    15.519] (II) config/udev: Adding input device Video Bus (/dev/input/event4)
[    15.519] (**) Video Bus: Applying InputClass "libinput keyboard catchall"
[    15.519] (II) Using input driver 'libinput' for 'Video Bus'
[    15.521] (II) systemd-logind: got fd for /dev/input/event4 13:68 fd 24 paused 0
[    15.521] (**) Video Bus: always reports core events
[    15.521] (**) Option "Device" "/dev/input/event4"
[    15.521] (**) Option "_source" "server/udev"
[    15.522] (II) event4  - Video Bus: is tagged by udev as: Keyboard
[    15.522] (II) event4  - Video Bus: device is a keyboard
[    15.522] (II) event4  - Video Bus: device removed
[    15.522] (**) Option "config_info" "udev:/sys/devices/LNXSYSTM:00/LNXSYBUS:00/PNP0A08:00/LNXVIDEO:00/input/input6/event4"
[    15.522] (II) XINPUT: Adding extended input device "Video Bus" (type: KEYBOARD, id 7)
[    15.522] (**) Option "xkb_model" "pc105"
[    15.522] (**) Option "xkb_layout" "us"
[    15.522] (II) event4  - Video Bus: is tagged by udev as: Keyboard
[    15.522] (II) event4  - Video Bus: device is a keyboard
[    15.524] (II) config/udev: Adding input device Lid Switch (/dev/input/event0)
[    15.524] (II) No input driver specified, ignoring this device.
[    15.524] (II) This device may have been added with another device file.
[    15.525] (II) config/udev: Adding input device Sleep Button (/dev/input/event1)
[    15.525] (**) Sleep Button: Applying InputClass "libinput keyboard catchall"
[    15.525] (II) Using input driver 'libinput' for 'Sleep Button'
[    15.525] (II) systemd-logind: got fd for /dev/input/event1 13:65 fd 25 paused 0
[    15.526] (**) Sleep Button: always reports core events
[    15.526] (**) Option "Device" "/dev/input/event1"
[    15.526] (**) Option "_source" "server/udev"
[    15.526] (II) event1  - Sleep Button: is tagged by udev as: Keyboard
[    15.526] (II) event1  - Sleep Button: device is a keyboard
[    15.526] (II) event1  - Sleep Button: device removed
[    15.526] (**) Option "config_info" "udev:/sys/devices/LNXSYSTM:00/LNXSYBUS:00/PNP0C0E:00/input/input1/event1"
[    15.526] (II) XINPUT: Adding extended input device "Sleep Button" (type: KEYBOARD, id 8)
[    15.526] (**) Option "xkb_model" "pc105"
[    15.526] (**) Option "xkb_layout" "us"
[    15.527] (II) event1  - Sleep Button: is tagged by udev as: Keyboard
[    15.527] (II) event1  - Sleep Button: device is a keyboard
[    15.528] (II) config/udev: Adding input device HDA Intel HDMI HDMI/DP,pcm=3 (/dev/input/event13)
[    15.528] (II) No input driver specified, ignoring this device.
[    15.528] (II) This device may have been added with another device file.
[    15.528] (II) config/udev: Adding input device HDA Intel HDMI HDMI/DP,pcm=7 (/dev/input/event14)
[    15.528] (II) No input driver specified, ignoring this device.
[    15.528] (II) This device may have been added with another device file.
[    15.528] (II) config/udev: Adding input device HDA Intel HDMI HDMI/DP,pcm=8 (/dev/input/event15)
[    15.529] (II) No input driver specified, ignoring this device.
[    15.529] (II) This device may have been added with another device file.
[    15.529] (II) config/udev: Adding input device HDA Intel HDMI HDMI/DP,pcm=9 (/dev/input/event16)
[    15.529] (II) No input driver specified, ignoring this device.
[    15.529] (II) This device may have been added with another device file.
[    15.529] (II) config/udev: Adding input device HDA Intel HDMI HDMI/DP,pcm=10 (/dev/input/event17)
[    15.529] (II) No input driver specified, ignoring this device.
[    15.529] (II) This device may have been added with another device file.
[    15.530] (II) config/udev: Adding input device Integrated Camera: Integrated C (/dev/input/event6)
[    15.530] (**) Integrated Camera: Integrated C: Applying InputClass "libinput keyboard catchall"
[    15.530] (II) Using input driver 'libinput' for 'Integrated Camera: Integrated C'
[    15.531] (II) systemd-logind: got fd for /dev/input/event6 13:70 fd 26 paused 0
[    15.531] (**) Integrated Camera: Integrated C: always reports core events
[    15.531] (**) Option "Device" "/dev/input/event6"
[    15.531] (**) Option "_source" "server/udev"
[    15.531] (II) event6  - Integrated Camera: Integrated C: is tagged by udev as: Keyboard
[    15.531] (II) event6  - Integrated Camera: Integrated C: device is a keyboard
[    15.531] (II) event6  - Integrated Camera: Integrated C: device removed
[    15.532] (**) Option "config_info" "udev:/sys/devices/pci0000:00/0000:00:14.0/usb2/2-8/2-8:1.0/input/input9/event6"
[    15.532] (II) XINPUT: Adding extended input device "Integrated Camera: Integrated C" (type: KEYBOARD, id 9)
[    15.532] (**) Option "xkb_model" "pc105"
[    15.532] (**) Option "xkb_layout" "us"
[    15.532] (II) event6  - Integrated Camera: Integrated C: is tagged by udev as: Keyboard
[    15.532] (II) event6  - Integrated Camera: Integrated C: device is a keyboard
[    15.533] (II) config/udev: Adding input device HDA Intel PCH Dock Mic (/dev/input/event8)
[    15.533] (II) No input driver specified, ignoring this device.
[    15.533] (II) This device may have been added with another device file.
[    15.534] (II) config/udev: Adding input device HDA Intel PCH Mic (/dev/input/event9)
[    15.534] (II) No input driver specified, ignoring this device.
[    15.534] (II) This device may have been added with another device file.
[    15.534] (II) config/udev: Adding input device HDA Intel PCH Dock Headphone (/dev/input/event10)
[    15.534] (II) No input driver specified, ignoring this device.
[    15.534] (II) This device may have been added with another device file.
[    15.535] (II) config/udev: Adding input device HDA Intel PCH Headphone (/dev/input/event11)
[    15.535] (II) No input driver specified, ignoring this device.
[    15.535] (II) This device may have been added with another device file.
[    15.536] (II) config/udev: Adding input device AT Translated Set 2 keyboard (/dev/input/event3)
[    15.536] (**) AT Translated Set 2 keyboard: Applying InputClass "libinput keyboard catchall"
[    15.536] (II) Using input driver 'libinput' for 'AT Translated Set 2 keyboard'
[    15.537] (II) systemd-logind: got fd for /dev/input/event3 13:67 fd 27 paused 0
[    15.537] (**) AT Translated Set 2 keyboard: always reports core events
[    15.537] (**) Option "Device" "/dev/input/event3"
[    15.537] (**) Option "_source" "server/udev"
[    15.537] (II) event3  - AT Translated Set 2 keyboard: is tagged by udev as: Keyboard
[    15.537] (II) event3  - AT Translated Set 2 keyboard: device is a keyboard
[    15.537] (II) event3  - AT Translated Set 2 keyboard: device removed
[    15.538] (**) Option "config_info" "udev:/sys/devices/platform/i8042/serio0/input/input3/event3"
[    15.538] (II) XINPUT: Adding extended input device "AT Translated Set 2 keyboard" (type: KEYBOARD, id 10)
[    15.538] (**) Option "xkb_model" "pc105"
[    15.538] (**) Option "xkb_layout" "us"
[    15.538] (II) event3  - AT Translated Set 2 keyboard: is tagged by udev as: Keyboard
[    15.538] (II) event3  - AT Translated Set 2 keyboard: device is a keyboard
[    15.539] (II) config/udev: Adding input device SynPS/2 Synaptics TouchPad (/dev/input/event5)
[    15.539] (**) SynPS/2 Synaptics TouchPad: Applying InputClass "libinput touchpad catchall"
[    15.539] (II) Using input driver 'libinput' for 'SynPS/2 Synaptics TouchPad'
[    15.539] (II) systemd-logind: got fd for /dev/input/event5 13:69 fd 28 paused 0
[    15.539] (**) SynPS/2 Synaptics TouchPad: always reports core events
[    15.539] (**) Option "Device" "/dev/input/event5"
[    15.539] (**) Option "_source" "server/udev"
[    15.540] (II) event5  - SynPS/2 Synaptics TouchPad: is tagged by udev as: Touchpad
[    15.540] (II) event5  - SynPS/2 Synaptics TouchPad: device is a touchpad
[    15.540] (II) event5  - SynPS/2 Synaptics TouchPad: device removed
[    15.540] (**) Option "config_info" "udev:/sys/devices/platform/i8042/serio1/input/input5/event5"
[    15.540] (II) XINPUT: Adding extended input device "SynPS/2 Synaptics TouchPad" (type: TOUCHPAD, id 11)
[    15.540] (**) Option "AccelerationScheme" "none"
[    15.540] (**) SynPS/2 Synaptics TouchPad: (accel) selected scheme none/0
[    15.540] (**) SynPS/2 Synaptics TouchPad: (accel) acceleration factor: 2.000
[    15.541] (**) SynPS/2 Synaptics TouchPad: (accel) acceleration threshold: 4
[    15.541] (II) event5  - SynPS/2 Synaptics TouchPad: is tagged by udev as: Touchpad
[    15.541] (II) event5  - SynPS/2 Synaptics TouchPad: device is a touchpad
[    15.542] (II) config/udev: Adding input device SynPS/2 Synaptics TouchPad (/dev/input/mouse0)
[    15.542] (II) No input driver specified, ignoring this device.
[    15.542] (II) This device may have been added with another device file.
[    15.542] (II) config/udev: Adding input device TPPS/2 IBM TrackPoint (/dev/input/event12)
[    15.542] (**) TPPS/2 IBM TrackPoint: Applying InputClass "libinput pointer catchall"
[    15.542] (II) Using input driver 'libinput' for 'TPPS/2 IBM TrackPoint'
[    15.543] (II) systemd-logind: got fd for /dev/input/event12 13:76 fd 29 paused 0
[    15.543] (**) TPPS/2 IBM TrackPoint: always reports core events
[    15.543] (**) Option "Device" "/dev/input/event12"
[    15.543] (**) Option "_source" "server/udev"
[    15.543] (II) event12 - TPPS/2 IBM TrackPoint: is tagged by udev as: Mouse Pointingstick
[    15.543] (II) event12 - TPPS/2 IBM TrackPoint: trackpoint device set to range 31
[    15.543] (II) event12 - TPPS/2 IBM TrackPoint: device is a pointer
[    15.543] (II) event12 - TPPS/2 IBM TrackPoint: device removed
[    15.543] (**) Option "config_info" "udev:/sys/devices/platform/i8042/serio1/serio2/input/input7/event12"
[    15.543] (II) XINPUT: Adding extended input device "TPPS/2 IBM TrackPoint" (type: MOUSE, id 12)
[    15.544] (**) Option "AccelerationScheme" "none"
[    15.544] (**) TPPS/2 IBM TrackPoint: (accel) selected scheme none/0
[    15.544] (**) TPPS/2 IBM TrackPoint: (accel) acceleration factor: 2.000
[    15.544] (**) TPPS/2 IBM TrackPoint: (accel) acceleration threshold: 4
[    15.544] (II) event12 - TPPS/2 IBM TrackPoint: is tagged by udev as: Mouse Pointingstick
[    15.544] (II) event12 - TPPS/2 IBM TrackPoint: trackpoint device set to range 31
[    15.544] (II) event12 - TPPS/2 IBM TrackPoint: device is a pointer
[    15.545] (II) config/udev: Adding input device TPPS/2 IBM TrackPoint (/dev/input/mouse1)
[    15.545] (II) No input driver specified, ignoring this device.
[    15.545] (II) This device may have been added with another device file.
[    15.547] (II) config/udev: Adding input device ThinkPad Extra Buttons (/dev/input/event7)
[    15.547] (**) ThinkPad Extra Buttons: Applying InputClass "libinput keyboard catchall"
[    15.547] (II) Using input driver 'libinput' for 'ThinkPad Extra Buttons'
[    15.547] (II) systemd-logind: got fd for /dev/input/event7 13:71 fd 30 paused 0
[    15.548] (**) ThinkPad Extra Buttons: always reports core events
[    15.548] (**) Option "Device" "/dev/input/event7"
[    15.548] (**) Option "_source" "server/udev"
[    15.548] (II) event7  - ThinkPad Extra Buttons: is tagged by udev as: Keyboard Switch
[    15.548] (II) event7  - ThinkPad Extra Buttons: device is a keyboard
[    15.548] (II) event7  - ThinkPad Extra Buttons: device removed
[    15.548] (**) Option "config_info" "udev:/sys/devices/platform/thinkpad_acpi/input/input8/event7"
[    15.548] (II) XINPUT: Adding extended input device "ThinkPad Extra Buttons" (type: KEYBOARD, id 13)
[    15.548] (**) Option "xkb_model" "pc105"
[    15.548] (**) Option "xkb_layout" "us"
[    15.549] (II) event7  - ThinkPad Extra Buttons: is tagged by udev as: Keyboard Switch
[    15.549] (II) event7  - ThinkPad Extra Buttons: device is a keyboard
[    15.926] (II) modeset(0): EDID vendor "LGD", prod id 1020
[    15.926] (II) modeset(0): Printing DDC gathered Modelines:
[    15.926] (II) modeset(0): Modeline "1600x900"x0.0   98.00  1600 1648 1680 1764  900 902 907 926 -hsync -vsync (55.6 kHz eP)
[   491.210] (II) modeset(0): EDID vendor "LGD", prod id 1020
[   491.210] (II) modeset(0): Printing DDC gathered Modelines:
[   491.210] (II) modeset(0): Modeline "1600x900"x0.0   98.00  1600 1648 1680 1764  900 902 907 926 -hsync -vsync (55.6 kHz eP)
[   491.435] (II) modeset(0): EDID vendor "LGD", prod id 1020
[   491.435] (II) modeset(0): Printing DDC gathered Modelines:
[   491.435] (II) modeset(0): Modeline "1600x900"x0.0   98.00  1600 1648 1680 1764  900 902 907 926 -hsync -vsync (55.6 kHz eP)
[   497.291] (II) modeset(0): EDID vendor "LGD", prod id 1020
[   497.292] (II) modeset(0): Printing DDC gathered Modelines:
[   497.292] (II) modeset(0): Modeline "1600x900"x0.0   98.00  1600 1648 1680 1764  900 902 907 926 -hsync -vsync (55.6 kHz eP)
[   497.524] (II) modeset(0): EDID vendor "LGD", prod id 1020
[   497.524] (II) modeset(0): Printing DDC gathered Modelines:
[   497.524] (II) modeset(0): Modeline "1600x900"x0.0   98.00  1600 1648 1680 1764  900 902 907 926 -hsync -vsync (55.6 kHz eP)
[   497.752] (II) modeset(0): EDID vendor "LGD", prod id 1020
[   497.752] (II) modeset(0): Printing DDC gathered Modelines:
[   497.752] (II) modeset(0): Modeline "1600x900"x0.0   98.00  1600 1648 1680 1764  900 902 907 926 -hsync -vsync (55.6 kHz eP)
[ 16813.076] (EE) client bug: timer event5 tap: offset negative (-28ms)
[ 16813.076] (EE) client bug: timer event5 tap: offset negative (-28ms)
[ 17882.151] (EE) event5  - SynPS/2 Synaptics TouchPad: libinput bug: invalid tap event TAP_EVENT_PALM in state TAP_STATE_TAPPED
[ 19975.086] (II) modeset(0): EDID vendor "LGD", prod id 1020
[ 19975.086] (II) modeset(0): Printing DDC gathered Modelines:
[ 19975.086] (II) modeset(0): Modeline "1600x900"x0.0   98.00  1600 1648 1680 1764  900 902 907 926 -hsync -vsync (55.6 kHz eP)
[ 26043.657] (EE) client bug: timer event5 tap: offset negative (-26ms)
[ 26043.657] (EE) client bug: timer event5 tap: offset negative (-8ms)
[ 26043.657] (EE) client bug: timer event5 tap: offset negative (-8ms)
