Looking for git in: git
Using git 2.29.2 from git
> git rev-parse --git-dir
Open repository: /home/indium
> git status -z -u
> git check-ignore -v -z --stdin
> git symbolic-ref --short HEAD
> git rev-parse master
> git rev-parse --symbolic-full-name master@{u}
fatal: no upstream configured for branch 'master'
> git for-each-ref --sort -committerdate --format %(refname) %(objectname)
> git remote --verbose
> git config --get commit.template
> git show --textconv :Documents/Projects/SampleProject/AngularDomo/ProductApp/src/app/views/product-list/product-list.component.ts
> git ls-files --stage -- /home/indium/Documents/Projects/SampleProject/AngularDomo/ProductApp/src/app/views/product-list/product-list.component.ts
> git show --textconv :Documents/Projects/SampleProject/AngularDomo/ProductApp/src/app/api.service.spec.ts
> git ls-files --stage -- /home/indium/Documents/Projects/SampleProject/AngularDomo/ProductApp/src/app/api.service.spec.ts
> git show --textconv :Documents/Projects/SampleProject/AngularDomo/ProductApp/src/app/views/product-list/product-list.component.ts
> git ls-files --stage -- /home/indium/Documents/Projects/SampleProject/AngularDomo/ProductApp/src/app/views/product-list/product-list.component.ts
> git show --textconv :Documents/Projects/SampleProject/AngularDomo/ProductApp/src/app/api.service.spec.ts
> git ls-files --stage -- /home/indium/Documents/Projects/SampleProject/AngularDomo/ProductApp/src/app/api.service.spec.ts
> git show --textconv :Documents/Projects/SampleProject/AngularDomo/ProductApp/src/app/views/product-list/product-list.component.ts
> git ls-files --stage -- /home/indium/Documents/Projects/SampleProject/AngularDomo/ProductApp/src/app/views/product-list/product-list.component.ts
> git show --textconv :Documents/Projects/SampleProject/AngularDomo/ProductApp/src/app/api.service.ts
> git ls-files --stage -- /home/indium/Documents/Projects/SampleProject/AngularDomo/ProductApp/src/app/api.service.ts
> git show --textconv :Documents/Projects/SampleProject/AngularDomo/ProductApp/src/app/views/product-list/product-list.component.ts
> git ls-files --stage -- /home/indium/Documents/Projects/SampleProject/AngularDomo/ProductApp/src/app/views/product-list/product-list.component.ts
> git show --textconv :Documents/Projects/SampleProject/AngularDomo/ProductApp/domo/manifest.json
> git ls-files --stage -- /home/indium/Documents/Projects/SampleProject/AngularDomo/ProductApp/domo/manifest.json
> git show --textconv :Documents/Projects/SampleProject/AngularDomo/ProductApp/src/app/views/product-list/product-list.component.ts
> git ls-files --stage -- /home/indium/Documents/Projects/SampleProject/AngularDomo/ProductApp/src/app/views/product-list/product-list.component.ts
> git show --textconv :Documents/Projects/SampleProject/AngularDomo/ProductApp/src/app/api.service.ts
> git ls-files --stage -- /home/indium/Documents/Projects/SampleProject/AngularDomo/ProductApp/src/app/api.service.ts
> git show --textconv :Documents/Projects/SampleProject/AngularDomo/ProductApp/src/app/views/product-list/product-list.component.scss
> git ls-files --stage -- /home/indium/Documents/Projects/SampleProject/AngularDomo/ProductApp/src/app/views/product-list/product-list.component.scss
> git show --textconv :Documents/Projects/SampleProject/AngularDomo/ProductApp/src/app/views/product-list/product-list.component.ts
> git ls-files --stage -- /home/indium/Documents/Projects/SampleProject/AngularDomo/ProductApp/src/app/views/product-list/product-list.component.ts
> git show --textconv :Documents/Projects/SampleProject/AngularDomo/ProductApp/src/app/api.service.ts
> git ls-files --stage -- /home/indium/Documents/Projects/SampleProject/AngularDomo/ProductApp/src/app/api.service.ts
> git show --textconv :Documents/Projects/SampleProject/AngularDomo/ProductApp/src/app/views/product-list/product-list.component.spec.ts
> git ls-files --stage -- /home/indium/Documents/Projects/SampleProject/AngularDomo/ProductApp/src/app/views/product-list/product-list.component.spec.ts
> git show --textconv :Documents/Projects/SampleProject/AngularDomo/ProductApp/src/app/views/product-list/product-list.component.ts
> git ls-files --stage -- /home/indium/Documents/Projects/SampleProject/AngularDomo/ProductApp/src/app/views/product-list/product-list.component.ts
> git show --textconv :Documents/Projects/SampleProject/AngularDomo/ProductApp/src/app/api.service.ts
> git ls-files --stage -- /home/indium/Documents/Projects/SampleProject/AngularDomo/ProductApp/src/app/api.service.ts
> git show --textconv :Documents/Projects/SampleProject/AngularDomo/ProductApp/src/app/views/product-list/product-list.component.scss
> git ls-files --stage -- /home/indium/Documents/Projects/SampleProject/AngularDomo/ProductApp/src/app/views/product-list/product-list.component.scss
> git show --textconv :Documents/Projects/SampleProject/AngularDomo/ProductApp/src/app/views/product-list/product-list.component.ts
> git ls-files --stage -- /home/indium/Documents/Projects/SampleProject/AngularDomo/ProductApp/src/app/views/product-list/product-list.component.ts
> git show --textconv :Documents/Projects/SampleProject/AngularDomo/ProductApp/src/app/views/product-list/product-list.component.html
> git ls-files --stage -- /home/indium/Documents/Projects/SampleProject/AngularDomo/ProductApp/src/app/views/product-list/product-list.component.html
> git show --textconv :Documents/Projects/SampleProject/AngularDomo/ProductApp/src/app/views/product-list/product-list.component.ts
> git ls-files --stage -- /home/indium/Documents/Projects/SampleProject/AngularDomo/ProductApp/src/app/views/product-list/product-list.component.ts
> git show --textconv :Documents/Projects/SampleProject/AngularDomo/ProductApp/src/app/api.service.ts
> git ls-files --stage -- /home/indium/Documents/Projects/SampleProject/AngularDomo/ProductApp/src/app/api.service.ts
> git show --textconv :Documents/Projects/SampleProject/AngularDomo/ProductApp/src/app/views/product-list/product-list.component.ts
> git ls-files --stage -- /home/indium/Documents/Projects/SampleProject/AngularDomo/ProductApp/src/app/views/product-list/product-list.component.ts
> git show --textconv :Documents/Projects/SampleProject/AngularDomo/ProductApp/src/app/api.service.ts
> git ls-files --stage -- /home/indium/Documents/Projects/SampleProject/AngularDomo/ProductApp/src/app/api.service.ts
> git show --textconv :Documents/Projects/SampleProject/AngularDomo/ProductApp/src/app/views/product-list/product-list.component.ts
> git ls-files --stage -- /home/indium/Documents/Projects/SampleProject/AngularDomo/ProductApp/src/app/views/product-list/product-list.component.ts
> git show --textconv :Documents/Projects/SampleProject/AngularDomo/ProductApp/src/app/views/product-list/product-list.component.html
> git ls-files --stage -- /home/indium/Documents/Projects/SampleProject/AngularDomo/ProductApp/src/app/views/product-list/product-list.component.html
> git show --textconv :Documents/Projects/SampleProject/AngularDomo/ProductApp/src/app/views/product-list/product-list.component.scss
> git ls-files --stage -- /home/indium/Documents/Projects/SampleProject/AngularDomo/ProductApp/src/app/views/product-list/product-list.component.scss
> git show --textconv :Documents/Projects/SampleProject/AngularDomo/ProductApp/src/app/views/product-list/product-list.component.ts
> git ls-files --stage -- /home/indium/Documents/Projects/SampleProject/AngularDomo/ProductApp/src/app/views/product-list/product-list.component.ts
> git show --textconv :Documents/Projects/SampleProject/AngularDomo/ProductApp/src/app/views/product-list/product-list.component.html
> git ls-files --stage -- /home/indium/Documents/Projects/SampleProject/AngularDomo/ProductApp/src/app/views/product-list/product-list.component.html
> git show --textconv :Documents/Projects/SampleProject/AngularDomo/ProductApp/src/app/views/product-list/product-list.component.ts
> git ls-files --stage -- /home/indium/Documents/Projects/SampleProject/AngularDomo/ProductApp/src/app/views/product-list/product-list.component.ts
> git show --textconv :Documents/Projects/SampleProject/AngularDomo/ProductApp/src/app/views/product-list/product-list.component.html
> git ls-files --stage -- /home/indium/Documents/Projects/SampleProject/AngularDomo/ProductApp/src/app/views/product-list/product-list.component.html
> git show --textconv :Documents/Projects/SampleProject/AngularDomo/ProductApp/src/app/api.service.ts
> git ls-files --stage -- /home/indium/Documents/Projects/SampleProject/AngularDomo/ProductApp/src/app/api.service.ts
> git show --textconv :Documents/Projects/SampleProject/AngularDomo/ProductApp/src/app/views/product-list/product-list.component.ts
> git ls-files --stage -- /home/indium/Documents/Projects/SampleProject/AngularDomo/ProductApp/src/app/views/product-list/product-list.component.ts
> git show --textconv :Documents/Projects/SampleProject/AngularDomo/ProductApp/src/app/api.service.ts
> git ls-files --stage -- /home/indium/Documents/Projects/SampleProject/AngularDomo/ProductApp/src/app/api.service.ts
> git show --textconv :Documents/Projects/SampleProject/AngularDomo/ProductApp/src/app/views/product-list/product-list.component.ts
> git ls-files --stage -- /home/indium/Documents/Projects/SampleProject/AngularDomo/ProductApp/src/app/views/product-list/product-list.component.ts
> git show --textconv :Documents/Projects/SampleProject/AngularDomo/ProductApp/domo/manifest.json
> git ls-files --stage -- /home/indium/Documents/Projects/SampleProject/AngularDomo/ProductApp/domo/manifest.json
> git show --textconv :Documents/Projects/SampleProject/AngularDomo/ProductApp/src/app/api.service.ts
> git ls-files --stage -- /home/indium/Documents/Projects/SampleProject/AngularDomo/ProductApp/src/app/api.service.ts
> git show --textconv :Documents/Projects/SampleProject/AngularDomo/ProductApp/src/app/views/product-list/product-list.component.scss
> git ls-files --stage -- /home/indium/Documents/Projects/SampleProject/AngularDomo/ProductApp/src/app/views/product-list/product-list.component.scss
> git show --textconv :Documents/Projects/SampleProject/AngularDomo/ProductApp/src/app/views/product-list/product-list.component.spec.ts
> git ls-files --stage -- /home/indium/Documents/Projects/SampleProject/AngularDomo/ProductApp/src/app/views/product-list/product-list.component.spec.ts
> git show --textconv :Documents/Projects/SampleProject/AngularDomo/ProductApp/src/app/views/product-list/product-list.component.scss
> git ls-files --stage -- /home/indium/Documents/Projects/SampleProject/AngularDomo/ProductApp/src/app/views/product-list/product-list.component.scss
> git show --textconv :Documents/Projects/SampleProject/AngularDomo/ProductApp/src/app/api.service.ts
> git ls-files --stage -- /home/indium/Documents/Projects/SampleProject/AngularDomo/ProductApp/src/app/api.service.ts
> git show --textconv :Documents/Projects/SampleProject/AngularDomo/ProductApp/src/app/views/product-list/product-list.component.ts
> git ls-files --stage -- /home/indium/Documents/Projects/SampleProject/AngularDomo/ProductApp/src/app/views/product-list/product-list.component.ts
> git show --textconv :Documents/Projects/SampleProject/AngularDomo/ProductApp/domo/manifest.json
> git ls-files --stage -- /home/indium/Documents/Projects/SampleProject/AngularDomo/ProductApp/domo/manifest.json
> git show --textconv :Documents/Projects/SampleProject/AngularDomo/ProductApp/src/app/views/product-list/product-list.component.ts
> git ls-files --stage -- /home/indium/Documents/Projects/SampleProject/AngularDomo/ProductApp/src/app/views/product-list/product-list.component.ts
> git show --textconv :Documents/Projects/SampleProject/AngularDomo/ProductApp/domo/manifest.json
> git ls-files --stage -- /home/indium/Documents/Projects/SampleProject/AngularDomo/ProductApp/domo/manifest.json
> git show --textconv :Documents/Projects/SampleProject/AngularDomo/ProductApp/src/app/views/product-list/product-list.component.ts
> git ls-files --stage -- /home/indium/Documents/Projects/SampleProject/AngularDomo/ProductApp/src/app/views/product-list/product-list.component.ts
> git show --textconv :Documents/Projects/SampleProject/AngularDomo/ProductApp/src/app/views/product-list/product-list.component.html
> git ls-files --stage -- /home/indium/Documents/Projects/SampleProject/AngularDomo/ProductApp/src/app/views/product-list/product-list.component.html
> git show --textconv :Documents/Projects/SampleProject/AngularDomo/ProductApp/src/app/views/product-list/product-list.component.ts
> git ls-files --stage -- /home/indium/Documents/Projects/SampleProject/AngularDomo/ProductApp/src/app/views/product-list/product-list.component.ts
> git show --textconv :Documents/Projects/SampleProject/AngularDomo/ProductApp/src/app/views/product-list/product-list.component.html
> git ls-files --stage -- /home/indium/Documents/Projects/SampleProject/AngularDomo/ProductApp/src/app/views/product-list/product-list.component.html
> git show --textconv :Documents/Projects/SampleProject/AngularDomo/ProductApp/src/app/views/product-list/product-list.component.ts
> git ls-files --stage -- /home/indium/Documents/Projects/SampleProject/AngularDomo/ProductApp/src/app/views/product-list/product-list.component.ts
> git show --textconv :Documents/Projects/SampleProject/AngularDomo/ProductApp/src/app/views/product-list/product-list.component.html
> git ls-files --stage -- /home/indium/Documents/Projects/SampleProject/AngularDomo/ProductApp/src/app/views/product-list/product-list.component.html
> git show --textconv :Documents/Projects/SampleProject/AngularDomo/ProductApp/src/app/views/product-list/product-list.component.ts
> git ls-files --stage -- /home/indium/Documents/Projects/SampleProject/AngularDomo/ProductApp/src/app/views/product-list/product-list.component.ts
> git show --textconv :Documents/Projects/SampleProject/AngularDomo/ProductApp/src/app/views/product-list/product-list.component.html
> git ls-files --stage -- /home/indium/Documents/Projects/SampleProject/AngularDomo/ProductApp/src/app/views/product-list/product-list.component.html
> git show --textconv :Documents/Projects/SampleProject/AngularDomo/ProductApp/src/app/views/product-list/product-list.component.ts
> git ls-files --stage -- /home/indium/Documents/Projects/SampleProject/AngularDomo/ProductApp/src/app/views/product-list/product-list.component.ts
> git show --textconv :Documents/Projects/SampleProject/AngularDomo/ProductApp/src/app/views/product-list/product-list.component.html
> git ls-files --stage -- /home/indium/Documents/Projects/SampleProject/AngularDomo/ProductApp/src/app/views/product-list/product-list.component.html
> git show --textconv :Documents/Projects/SampleProject/AngularDomo/ProductApp/src/app/views/product-list/product-list.component.ts
> git ls-files --stage -- /home/indium/Documents/Projects/SampleProject/AngularDomo/ProductApp/src/app/views/product-list/product-list.component.ts
> git show --textconv :Documents/Projects/SampleProject/AngularDomo/ProductApp/src/app/api.service.ts
> git ls-files --stage -- /home/indium/Documents/Projects/SampleProject/AngularDomo/ProductApp/src/app/api.service.ts
> git show --textconv :Documents/Projects/SampleProject/AngularDomo/ProductApp/src/app/views/product-list/product-list.component.ts
> git ls-files --stage -- /home/indium/Documents/Projects/SampleProject/AngularDomo/ProductApp/src/app/views/product-list/product-list.component.ts
> git show --textconv :Documents/Projects/SampleProject/AngularDomo/ProductApp/src/app/api.service.ts
> git ls-files --stage -- /home/indium/Documents/Projects/SampleProject/AngularDomo/ProductApp/src/app/api.service.ts
> git show --textconv :Documents/Projects/SampleProject/AngularDomo/ProductApp/src/app/views/product-list/product-list.component.ts
> git ls-files --stage -- /home/indium/Documents/Projects/SampleProject/AngularDomo/ProductApp/src/app/views/product-list/product-list.component.ts
> git log --format=%H%n%aN%n%aE%n%at%n%ct%n%P%n%B -z -n21 -- /home/indium/Documents/Projects/SampleProject/AngularDomo/ProductApp/src/app/views/product-list/product-list.component.ts
> git log --format=%H%n%aN%n%aE%n%at%n%ct%n%P%n%B -z -n41 -- /home/indium/Documents/Projects/SampleProject/AngularDomo/ProductApp/src/app/views/product-list/product-list.component.ts
> git show --textconv :Documents/Projects/SampleProject/AngularDomo/ProductApp/src/app/api.service.ts
> git ls-files --stage -- /home/indium/Documents/Projects/SampleProject/AngularDomo/ProductApp/src/app/api.service.ts
> git show --textconv :Documents/Projects/SampleProject/AngularDomo/ProductApp/src/app/views/product-list/product-list.component.ts
> git ls-files --stage -- /home/indium/Documents/Projects/SampleProject/AngularDomo/ProductApp/src/app/views/product-list/product-list.component.ts
> git show --textconv :Documents/Projects/SampleProject/AngularDomo/ProductApp/src/app/api.service.ts
> git ls-files --stage -- /home/indium/Documents/Projects/SampleProject/AngularDomo/ProductApp/src/app/api.service.ts
> git show --textconv :Documents/Projects/SampleProject/AngularDomo/ProductApp/src/app/views/product-list/product-list.component.html
> git ls-files --stage -- /home/indium/Documents/Projects/SampleProject/AngularDomo/ProductApp/src/app/views/product-list/product-list.component.html
> git show --textconv :Documents/Projects/SampleProject/AngularDomo/ProductApp/src/app/views/product-list/product-list.component.ts
> git ls-files --stage -- /home/indium/Documents/Projects/SampleProject/AngularDomo/ProductApp/src/app/views/product-list/product-list.component.ts
> git show --textconv :Documents/Projects/SampleProject/AngularDomo/ProductApp/src/app/api.service.ts
> git ls-files --stage -- /home/indium/Documents/Projects/SampleProject/AngularDomo/ProductApp/src/app/api.service.ts
> git show --textconv :Documents/Projects/SampleProject/AngularDomo/ProductApp/src/app/views/product-list/product-list.component.html
> git ls-files --stage -- /home/indium/Documents/Projects/SampleProject/AngularDomo/ProductApp/src/app/views/product-list/product-list.component.html
> git show --textconv :Documents/Projects/SampleProject/AngularDomo/ProductApp/src/app/views/product-list/product-list.component.ts
> git ls-files --stage -- /home/indium/Documents/Projects/SampleProject/AngularDomo/ProductApp/src/app/views/product-list/product-list.component.ts
> git show --textconv :Documents/Projects/SampleProject/AngularDomo/ProductApp/src/app/api.service.ts
> git ls-files --stage -- /home/indium/Documents/Projects/SampleProject/AngularDomo/ProductApp/src/app/api.service.ts
> git show --textconv :Documents/Projects/SampleProject/AngularDomo/ProductApp/src/app/views/product-list/product-list.component.ts
> git ls-files --stage -- /home/indium/Documents/Projects/SampleProject/AngularDomo/ProductApp/src/app/views/product-list/product-list.component.ts
> git show --textconv :Documents/Projects/SampleProject/AngularDomo/ProductApp/domo/manifest.json
> git ls-files --stage -- /home/indium/Documents/Projects/SampleProject/AngularDomo/ProductApp/domo/manifest.json
> git show --textconv :Documents/Projects/SampleProject/AngularDomo/ProductApp/src/app/views/product-list/product-list.component.ts
> git ls-files --stage -- /home/indium/Documents/Projects/SampleProject/AngularDomo/ProductApp/src/app/views/product-list/product-list.component.ts
> git show --textconv :Documents/Projects/SampleProject/AngularDomo/ProductApp/src/app/views/product-list/product-list.component.html
> git ls-files --stage -- /home/indium/Documents/Projects/SampleProject/AngularDomo/ProductApp/src/app/views/product-list/product-list.component.html
> git show --textconv :Documents/Projects/SampleProject/AngularDomo/ProductApp/src/app/views/product-list/product-list.component.ts
> git ls-files --stage -- /home/indium/Documents/Projects/SampleProject/AngularDomo/ProductApp/src/app/views/product-list/product-list.component.ts
> git show --textconv :Documents/Projects/SampleProject/AngularDomo/ProductApp/src/app/api.service.ts
> git ls-files --stage -- /home/indium/Documents/Projects/SampleProject/AngularDomo/ProductApp/src/app/api.service.ts
> git show --textconv :Documents/Projects/SampleProject/AngularDomo/ProductApp/src/app/views/product-list/product-list.component.ts
> git ls-files --stage -- /home/indium/Documents/Projects/SampleProject/AngularDomo/ProductApp/src/app/views/product-list/product-list.component.ts
> git check-ignore -v -z --stdin
> git check-ignore -v -z --stdin
> git check-ignore -v -z --stdin
> git show --textconv :Documents/Projects/SampleProject/AngularDomo/ProductApp/src/index.html
> git ls-files --stage -- /home/indium/Documents/Projects/SampleProject/AngularDomo/ProductApp/src/index.html
> git show --textconv :Documents/Projects/SampleProject/AngularDomo/ProductApp/src/app/views/product-list/product-list.component.ts
> git ls-files --stage -- /home/indium/Documents/Projects/SampleProject/AngularDomo/ProductApp/src/app/views/product-list/product-list.component.ts
> git show --textconv :Documents/Projects/SampleProject/AngularDomo/ProductApp/src/index.html
> git ls-files --stage -- /home/indium/Documents/Projects/SampleProject/AngularDomo/ProductApp/src/index.html
> git check-ignore -v -z --stdin
> git show --textconv :Documents/Projects/SampleProject/AngularDomo/ProductApp/src/app/views/product-list/product-list.component.ts
> git ls-files --stage -- /home/indium/Documents/Projects/SampleProject/AngularDomo/ProductApp/src/app/views/product-list/product-list.component.ts
> git show --textconv :Documents/Projects/SampleProject/AngularDomo/ProductApp/src/index.html
> git ls-files --stage -- /home/indium/Documents/Projects/SampleProject/AngularDomo/ProductApp/src/index.html
> git show --textconv :Documents/Projects/SampleProject/AngularDomo/ProductApp/src/app/views/product-list/product-list.component.ts
> git ls-files --stage -- /home/indium/Documents/Projects/SampleProject/AngularDomo/ProductApp/src/app/views/product-list/product-list.component.ts
> git show --textconv :Documents/Projects/SampleProject/AngularDomo/ProductApp/src/index.html
> git ls-files --stage -- /home/indium/Documents/Projects/SampleProject/AngularDomo/ProductApp/src/index.html
> git check-ignore -v -z --stdin
> git check-ignore -v -z --stdin
> git show --textconv :Documents/Projects/SampleProject/AngularDomo/ProductApp/src/assets/javascript/alasql.min.js
> git ls-files --stage -- /home/indium/Documents/Projects/SampleProject/AngularDomo/ProductApp/src/assets/javascript/alasql.min.js
> git check-ignore -v -z --stdin
> git show --textconv :Documents/Projects/SampleProject/AngularDomo/ProductApp/src/index.html
> git ls-files --stage -- /home/indium/Documents/Projects/SampleProject/AngularDomo/ProductApp/src/index.html
> git show --textconv :Documents/Projects/SampleProject/AngularDomo/ProductApp/src/assets/javascript/alasql.min.js
> git ls-files --stage -- /home/indium/Documents/Projects/SampleProject/AngularDomo/ProductApp/src/assets/javascript/alasql.min.js
> git show --textconv :Documents/Projects/SampleProject/AngularDomo/ProductApp/src/index.html
> git ls-files --stage -- /home/indium/Documents/Projects/SampleProject/AngularDomo/ProductApp/src/index.html
> git show --textconv :Documents/Projects/SampleProject/AngularDomo/ProductApp/src/app/views/product-list/product-list.component.ts
> git ls-files --stage -- /home/indium/Documents/Projects/SampleProject/AngularDomo/ProductApp/src/app/views/product-list/product-list.component.ts
> git show --textconv :Documents/Projects/SampleProject/AngularDomo/ProductApp/src/app/api.service.ts
> git ls-files --stage -- /home/indium/Documents/Projects/SampleProject/AngularDomo/ProductApp/src/app/api.service.ts
> git show --textconv :Documents/Projects/SampleProject/AngularDomo/ProductApp/src/app/views/product-list/product-list.component.html
> git ls-files --stage -- /home/indium/Documents/Projects/SampleProject/AngularDomo/ProductApp/src/app/views/product-list/product-list.component.html
> git show --textconv :Documents/Projects/SampleProject/AngularDomo/ProductApp/src/app/views/product-list/product-list.component.ts
> git ls-files --stage -- /home/indium/Documents/Projects/SampleProject/AngularDomo/ProductApp/src/app/views/product-list/product-list.component.ts
> git show --textconv :Documents/Projects/SampleProject/AngularDomo/ProductApp/src/app/api.service.ts
> git ls-files --stage -- /home/indium/Documents/Projects/SampleProject/AngularDomo/ProductApp/src/app/api.service.ts
> git show --textconv :Documents/Projects/SampleProject/AngularDomo/ProductApp/src/app/views/product-list/product-list.component.ts
> git ls-files --stage -- /home/indium/Documents/Projects/SampleProject/AngularDomo/ProductApp/src/app/views/product-list/product-list.component.ts
> git show --textconv :Documents/Projects/SampleProject/AngularDomo/ProductApp/src/index.html
> git ls-files --stage -- /home/indium/Documents/Projects/SampleProject/AngularDomo/ProductApp/src/index.html
> git show --textconv :Documents/Projects/SampleProject/AngularDomo/ProductApp/src/app/api.service.ts
> git ls-files --stage -- /home/indium/Documents/Projects/SampleProject/AngularDomo/ProductApp/src/app/api.service.ts
> git show --textconv :Documents/Projects/SampleProject/AngularDomo/ProductApp/src/app/views/product-list/product-list.component.ts
> git ls-files --stage -- /home/indium/Documents/Projects/SampleProject/AngularDomo/ProductApp/src/app/views/product-list/product-list.component.ts
> git check-ignore -v -z --stdin
> git show --textconv :Documents/Projects/SampleProject/AngularDomo/ProductApp/domo/manifest.json
> git ls-files --stage -- /home/indium/Documents/Projects/SampleProject/AngularDomo/ProductApp/domo/manifest.json
> git show --textconv :Documents/Projects/SampleProject/AngularDomo/ProductApp/src/app/views/product-list/product-list.component.ts
> git ls-files --stage -- /home/indium/Documents/Projects/SampleProject/AngularDomo/ProductApp/src/app/views/product-list/product-list.component.ts
> git show --textconv :Documents/Projects/SampleProject/AngularDomo/ProductApp/domo/manifest.json
> git ls-files --stage -- /home/indium/Documents/Projects/SampleProject/AngularDomo/ProductApp/domo/manifest.json
> git show --textconv :Documents/Projects/SampleProject/AngularDomo/ProductApp/src/index.html
> git ls-files --stage -- /home/indium/Documents/Projects/SampleProject/AngularDomo/ProductApp/src/index.html
> git show --textconv :Documents/Projects/SampleProject/AngularDomo/ProductApp/src/app/views/product-list/product-list.component.ts
> git ls-files --stage -- /home/indium/Documents/Projects/SampleProject/AngularDomo/ProductApp/src/app/views/product-list/product-list.component.ts
> git show --textconv :Documents/Projects/SampleProject/AngularDomo/ProductApp/src/app/api.service.ts
> git ls-files --stage -- /home/indium/Documents/Projects/SampleProject/AngularDomo/ProductApp/src/app/api.service.ts
> git show --textconv :Documents/Projects/SampleProject/AngularDomo/ProductApp/src/app/views/product-list/product-list.component.ts
> git ls-files --stage -- /home/indium/Documents/Projects/SampleProject/AngularDomo/ProductApp/src/app/views/product-list/product-list.component.ts
