0 info it worked if it ends with ok
1 verbose cli [
1 verbose cli   '/home/indium/.nvm/versions/node/v14.15.1/bin/node',
1 verbose cli   '/home/indium/.nvm/versions/node/v14.15.1/bin/npm',
1 verbose cli   'install',
1 verbose cli   '@gomoinc/ryuu-proxy'
1 verbose cli ]
2 info using npm@6.14.9
3 info using node@v14.15.1
4 verbose npm-session e5503576d073b2cf
5 silly install loadCurrentTree
6 silly install readLocalPackageData
7 http fetch GET 404 https://registry.npmjs.org/@gomoinc%2fryuu-proxy 1555ms
8 http fetch GET 404 https://registry.npmjs.org/@gomoinc%2fryuu-proxy 1217ms
9 silly fetchPackageMetaData error for @gomoinc/ryuu-proxy@latest 404 Not Found - GET https://registry.npmjs.org/@gomoinc%2fryuu-proxy - Not found
10 timing stage:rollbackFailedOptional Completed in 0ms
11 timing stage:runTopLevelLifecycles Completed in 4352ms
12 verbose stack Error: 404 Not Found - GET https://registry.npmjs.org/@gomoinc%2fryuu-proxy - Not found
12 verbose stack     at /home/indium/.nvm/versions/node/v14.15.1/lib/node_modules/npm/node_modules/npm-registry-fetch/check-response.js:117:15
12 verbose stack     at processTicksAndRejections (internal/process/task_queues.js:93:5)
13 verbose statusCode 404
14 verbose pkgid @gomoinc/ryuu-proxy@latest
15 verbose cwd /home/indium/Documents/Projects/SampleProject/AngularDomo/products-app
16 verbose Linux 4.15.0-126-generic
17 verbose argv "/home/indium/.nvm/versions/node/v14.15.1/bin/node" "/home/indium/.nvm/versions/node/v14.15.1/bin/npm" "install" "@gomoinc/ryuu-proxy"
18 verbose node v14.15.1
19 verbose npm  v6.14.9
20 error code E404
21 error 404 Not Found - GET https://registry.npmjs.org/@gomoinc%2fryuu-proxy - Not found
22 error 404
23 error 404 '@gomoinc/ryuu-proxy@latest' is not in the npm registry.
24 error 404 You should bug the author to publish it (or use the name yourself!)
25 error 404 Note that you can also install from a
26 error 404 tarball, folder, http url, or git url.
27 verbose exit [ 1, true ]
