[2020-12-06 23:47:01.687] [renderer1] [error] Error: Unable to read file '/home/indium/Documents/Projects/SampleProject/AngularDomo/ProductApp/extra-webpack.config.ts' (Error: Unable to resolve non-existing file '/home/indium/Documents/Projects/SampleProject/AngularDomo/ProductApp/extra-webpack.config.ts')
    at Object.t.createErrorWithActions (file:///usr/share/code/resources/app/out/vs/workbench/workbench.desktop.main.js:56:307)
    at w.handleSetInputError (file:///usr/share/code/resources/app/out/vs/workbench/workbench.desktop.main.js:6258:391)
    at w.handleSetInputError (file:///usr/share/code/resources/app/out/vs/workbench/workbench.desktop.main.js:6261:52)
    at w.setInput (file:///usr/share/code/resources/app/out/vs/workbench/workbench.desktop.main.js:6258:98)
    at async p.doSetInput (file:///usr/share/code/resources/app/out/vs/workbench/workbench.desktop.main.js:4627:4)
    at async p.openEditor (file:///usr/share/code/resources/app/out/vs/workbench/workbench.desktop.main.js:4625:617)
    at async file:///usr/share/code/resources/app/out/vs/workbench/workbench.desktop.main.js:6886:617
    at async e.restoreEditors (file:///usr/share/code/resources/app/out/vs/workbench/workbench.desktop.main.js:6879:609)
[2020-12-07 00:26:20.926] [renderer1] [error] [text file model] handleSaveError(92) - exit - resulted in a save error: Error: Unable to write file '/home/indium/Documents/Projects/SampleProject/AngularDomo/products-app/package.json' (Error: File Modified Since) file:///home/indium/Documents/Projects/SampleProject/AngularDomo/products-app/package.json
[2020-12-07 01:19:54.297] [renderer1] [error] <syntax> TypeScript Server Error (4.0.3)
Debug Failure. False expression: Expected line to be non-zero
Error: Debug Failure. False expression: Expected line to be non-zero
    at failIfInvalidLocation (/usr/share/code/resources/app/extensions/node_modules/typescript/lib/tsserver.js:147317:22)
    at ScriptInfo.positionToLineOffset (/usr/share/code/resources/app/extensions/node_modules/typescript/lib/tsserver.js:147284:17)
    at toProtocolTextSpan (/usr/share/code/resources/app/extensions/node_modules/typescript/lib/tsserver.js:155036:35)
    at /usr/share/code/resources/app/extensions/node_modules/typescript/lib/tsserver.js:154509:68
    at Array.map (<anonymous>)
    at IOSession.Session.toLocationNavigationTree (/usr/share/code/resources/app/extensions/node_modules/typescript/lib/tsserver.js:154509:39)
    at IOSession.Session.getNavigationTree (/usr/share/code/resources/app/extensions/node_modules/typescript/lib/tsserver.js:154520:32)
    at Session.handlers.ts.Map.ts.getEntries._a.<computed> (/usr/share/code/resources/app/extensions/node_modules/typescript/lib/tsserver.js:153310:61)
    at /usr/share/code/resources/app/extensions/node_modules/typescript/lib/tsserver.js:154962:88
    at IOSession.Session.executeWithRequestId (/usr/share/code/resources/app/extensions/node_modules/typescript/lib/tsserver.js:154953:28)
    at IOSession.Session.executeCommand (/usr/share/code/resources/app/extensions/node_modules/typescript/lib/tsserver.js:154962:33)
    at IOSession.Session.onMessage (/usr/share/code/resources/app/extensions/node_modules/typescript/lib/tsserver.js:154986:35)
    at Interface.<anonymous> (/usr/share/code/resources/app/extensions/node_modules/typescript/lib/tsserver.js:157202:27)
    at Interface.emit (events.js:223:5)
    at Interface._onLine (readline.js:315:10)
    at Interface._normalWrite (readline.js:460:12)
    at Socket.ondata (readline.js:172:10)
    at Socket.emit (events.js:223:5)
    at addChunk (_stream_readable.js:309:12)
    at readableAddChunk (_stream_readable.js:290:11)
    at Socket.Readable.push (_stream_readable.js:224:10)
    at Pipe.onStreamRead (internal/stream_base_commons.js:181:23): Error: <syntax> TypeScript Server Error (4.0.3)
Debug Failure. False expression: Expected line to be non-zero
Error: Debug Failure. False expression: Expected line to be non-zero
    at failIfInvalidLocation (/usr/share/code/resources/app/extensions/node_modules/typescript/lib/tsserver.js:147317:22)
    at ScriptInfo.positionToLineOffset (/usr/share/code/resources/app/extensions/node_modules/typescript/lib/tsserver.js:147284:17)
    at toProtocolTextSpan (/usr/share/code/resources/app/extensions/node_modules/typescript/lib/tsserver.js:155036:35)
    at /usr/share/code/resources/app/extensions/node_modules/typescript/lib/tsserver.js:154509:68
    at Array.map (<anonymous>)
    at IOSession.Session.toLocationNavigationTree (/usr/share/code/resources/app/extensions/node_modules/typescript/lib/tsserver.js:154509:39)
    at IOSession.Session.getNavigationTree (/usr/share/code/resources/app/extensions/node_modules/typescript/lib/tsserver.js:154520:32)
    at Session.handlers.ts.Map.ts.getEntries._a.<computed> (/usr/share/code/resources/app/extensions/node_modules/typescript/lib/tsserver.js:153310:61)
    at /usr/share/code/resources/app/extensions/node_modules/typescript/lib/tsserver.js:154962:88
    at IOSession.Session.executeWithRequestId (/usr/share/code/resources/app/extensions/node_modules/typescript/lib/tsserver.js:154953:28)
    at IOSession.Session.executeCommand (/usr/share/code/resources/app/extensions/node_modules/typescript/lib/tsserver.js:154962:33)
    at IOSession.Session.onMessage (/usr/share/code/resources/app/extensions/node_modules/typescript/lib/tsserver.js:154986:35)
    at Interface.<anonymous> (/usr/share/code/resources/app/extensions/node_modules/typescript/lib/tsserver.js:157202:27)
    at Interface.emit (events.js:223:5)
    at Interface._onLine (readline.js:315:10)
    at Interface._normalWrite (readline.js:460:12)
    at Socket.ondata (readline.js:172:10)
    at Socket.emit (events.js:223:5)
    at addChunk (_stream_readable.js:309:12)
    at readableAddChunk (_stream_readable.js:290:11)
    at Socket.Readable.push (_stream_readable.js:224:10)
    at Pipe.onStreamRead (internal/stream_base_commons.js:181:23)
	at Function.create (/usr/share/code/resources/app/extensions/typescript-language-features/dist/extension.js:1:76476)
	at dispatchResponse (/usr/share/code/resources/app/extensions/typescript-language-features/dist/extension.js:1:70351)
	at dispatchMessage (/usr/share/code/resources/app/extensions/typescript-language-features/dist/extension.js:1:69210)
	at /usr/share/code/resources/app/extensions/typescript-language-features/dist/extension.js:1:68720
	at l.fire (/usr/share/code/resources/app/out/vs/workbench/services/extensions/node/extensionHostProcess.js:46:67)
	at g.onLengthData (/usr/share/code/resources/app/extensions/typescript-language-features/dist/extension.js:45:60018)
	at Socket.<anonymous> (/usr/share/code/resources/app/extensions/typescript-language-features/dist/extension.js:45:59666)
	at Socket.emit (events.js:223:5)
	at addChunk (_stream_readable.js:309:12)
	at readableAddChunk (_stream_readable.js:290:11)
	at Socket.Readable.push (_stream_readable.js:224:10)
	at Pipe.onStreamRead (internal/stream_base_commons.js:181:23)
